<?xml version="1.0" encoding="UTF-8"?>
<!-- Generated by org.testng.reporters.JUnitReportReporter -->
<testsuite skipped="0" hostname="Chilukuri" name="testRunner.TestRunner" tests="1" failures="0" timestamp="22 Oct 2021 13:19:33 GMT" time="298.671" errors="0">
  <testcase name="feature" time="298.671" classname="testRunner.TestRunner"/>
</testsuite> <!-- testRunner.TestRunner -->
